<?xml version="1.0" encoding="UTF-8"?>
<testsuite name="hanghae8mini.booglogbackend.BooglogBackendApplicationTests" tests="1" skipped="0" failures="0" errors="0" timestamp="2022-08-16T05:23:30" hostname="WOOHYU" time="0.092">
  <properties/>
  <testcase name="contextLoads()" classname="hanghae8mini.booglogbackend.BooglogBackendApplicationTests" time="0.092"/>
  <system-out><![CDATA[14:23:25.763 [Test worker] DEBUG org.springframework.test.context.BootstrapUtils - Instantiating CacheAwareContextLoaderDelegate from class [org.springframework.test.context.cache.DefaultCacheAwareContextLoaderDelegate]
14:23:25.772 [Test worker] DEBUG org.springframework.test.context.BootstrapUtils - Instantiating BootstrapContext using constructor [public org.springframework.test.context.support.DefaultBootstrapContext(java.lang.Class,org.springframework.test.context.CacheAwareContextLoaderDelegate)]
14:23:25.800 [Test worker] DEBUG org.springframework.test.context.BootstrapUtils - Instantiating TestContextBootstrapper for test class [hanghae8mini.booglogbackend.BooglogBackendApplicationTests] from class [org.springframework.boot.test.context.SpringBootTestContextBootstrapper]
14:23:25.810 [Test worker] INFO org.springframework.boot.test.context.SpringBootTestContextBootstrapper - Neither @ContextConfiguration nor @ContextHierarchy found for test class [hanghae8mini.booglogbackend.BooglogBackendApplicationTests], using SpringBootContextLoader
14:23:25.813 [Test worker] DEBUG org.springframework.test.context.support.AbstractContextLoader - Did not detect default resource location for test class [hanghae8mini.booglogbackend.BooglogBackendApplicationTests]: class path resource [hanghae8mini/booglogbackend/BooglogBackendApplicationTests-context.xml] does not exist
14:23:25.813 [Test worker] DEBUG org.springframework.test.context.support.AbstractContextLoader - Did not detect default resource location for test class [hanghae8mini.booglogbackend.BooglogBackendApplicationTests]: class path resource [hanghae8mini/booglogbackend/BooglogBackendApplicationTestsContext.groovy] does not exist
14:23:25.814 [Test worker] INFO org.springframework.test.context.support.AbstractContextLoader - Could not detect default resource locations for test class [hanghae8mini.booglogbackend.BooglogBackendApplicationTests]: no resource found for suffixes {-context.xml, Context.groovy}.
14:23:25.815 [Test worker] INFO org.springframework.test.context.support.AnnotationConfigContextLoaderUtils - Could not detect default configuration classes for test class [hanghae8mini.booglogbackend.BooglogBackendApplicationTests]: BooglogBackendApplicationTests does not declare any static, non-private, non-final, nested classes annotated with @Configuration.
14:23:25.858 [Test worker] DEBUG org.springframework.test.context.support.ActiveProfilesUtils - Could not find an 'annotation declaring class' for annotation type [org.springframework.test.context.ActiveProfiles] and class [hanghae8mini.booglogbackend.BooglogBackendApplicationTests]
14:23:25.913 [Test worker] DEBUG org.springframework.context.annotation.ClassPathScanningCandidateComponentProvider - Identified candidate component class: file [C:\Users\user\Desktop\spartaweek5\booglogBackend\build\classes\java\main\hanghae8mini\booglogbackend\BooglogBackendApplication.class]
14:23:25.914 [Test worker] INFO org.springframework.boot.test.context.SpringBootTestContextBootstrapper - Found @SpringBootConfiguration hanghae8mini.booglogbackend.BooglogBackendApplication for test class hanghae8mini.booglogbackend.BooglogBackendApplicationTests
14:23:26.003 [Test worker] DEBUG org.springframework.boot.test.context.SpringBootTestContextBootstrapper - @TestExecutionListeners is not present for class [hanghae8mini.booglogbackend.BooglogBackendApplicationTests]: using defaults.
14:23:26.003 [Test worker] INFO org.springframework.boot.test.context.SpringBootTestContextBootstrapper - Loaded default TestExecutionListener class names from location [META-INF/spring.factories]: [org.springframework.security.test.context.support.WithSecurityContextTestExecutionListener, org.springframework.security.test.context.support.ReactorContextTestExecutionListener, org.springframework.boot.test.autoconfigure.restdocs.RestDocsTestExecutionListener, org.springframework.boot.test.autoconfigure.web.client.MockRestServiceServerResetTestExecutionListener, org.springframework.boot.test.autoconfigure.web.servlet.MockMvcPrintOnlyOnFailureTestExecutionListener, org.springframework.boot.test.autoconfigure.web.servlet.WebDriverTestExecutionListener, org.springframework.boot.test.autoconfigure.webservices.client.MockWebServiceServerTestExecutionListener, org.springframework.boot.test.mock.mockito.MockitoTestExecutionListener, org.springframework.boot.test.mock.mockito.ResetMocksTestExecutionListener, org.springframework.test.context.web.ServletTestExecutionListener, org.springframework.test.context.support.DirtiesContextBeforeModesTestExecutionListener, org.springframework.test.context.event.ApplicationEventsTestExecutionListener, org.springframework.test.context.support.DependencyInjectionTestExecutionListener, org.springframework.test.context.support.DirtiesContextTestExecutionListener, org.springframework.test.context.transaction.TransactionalTestExecutionListener, org.springframework.test.context.jdbc.SqlScriptsTestExecutionListener, org.springframework.test.context.event.EventPublishingTestExecutionListener]
14:23:26.028 [Test worker] INFO org.springframework.boot.test.context.SpringBootTestContextBootstrapper - Using TestExecutionListeners: [org.springframework.test.context.web.ServletTestExecutionListener@3153ddfc, org.springframework.test.context.support.DirtiesContextBeforeModesTestExecutionListener@60afd40d, org.springframework.test.context.event.ApplicationEventsTestExecutionListener@28a2a3e7, org.springframework.boot.test.mock.mockito.MockitoTestExecutionListener@3f2049b6, org.springframework.boot.test.autoconfigure.SpringBootDependencyInjectionTestExecutionListener@10b3df93, org.springframework.test.context.support.DirtiesContextTestExecutionListener@ea27e34, org.springframework.test.context.transaction.TransactionalTestExecutionListener@33a2499c, org.springframework.test.context.jdbc.SqlScriptsTestExecutionListener@e72dba7, org.springframework.security.test.context.support.WithSecurityContextTestExecutionListener@33c2bd, org.springframework.test.context.event.EventPublishingTestExecutionListener@1dfd5f51, org.springframework.security.test.context.support.ReactorContextTestExecutionListener@3c321bdb, org.springframework.boot.test.autoconfigure.restdocs.RestDocsTestExecutionListener@24855019, org.springframework.boot.test.autoconfigure.web.client.MockRestServiceServerResetTestExecutionListener@3abd581e, org.springframework.boot.test.autoconfigure.web.servlet.MockMvcPrintOnlyOnFailureTestExecutionListener@4d4d8fcf, org.springframework.boot.test.autoconfigure.web.servlet.WebDriverTestExecutionListener@610db97e, org.springframework.boot.test.autoconfigure.webservices.client.MockWebServiceServerTestExecutionListener@6f0628de, org.springframework.boot.test.mock.mockito.ResetMocksTestExecutionListener@3fabf088]
14:23:26.030 [Test worker] DEBUG org.springframework.test.context.support.AbstractDirtiesContextTestExecutionListener - Before test class: context [DefaultTestContext@6ca320ab testClass = BooglogBackendApplicationTests, testInstance = [null], testMethod = [null], testException = [null], mergedContextConfiguration = [WebMergedContextConfiguration@50d68830 testClass = BooglogBackendApplicationTests, locations = '{}', classes = '{class hanghae8mini.booglogbackend.BooglogBackendApplication}', contextInitializerClasses = '[]', activeProfiles = '{}', propertySourceLocations = '{}', propertySourceProperties = '{org.springframework.boot.test.context.SpringBootTestContextBootstrapper=true}', contextCustomizers = set[org.springframework.boot.test.autoconfigure.actuate.metrics.MetricsExportContextCustomizerFactory$DisableMetricExportContextCustomizer@56a4479a, org.springframework.boot.test.autoconfigure.properties.PropertyMappingContextCustomizer@0, org.springframework.boot.test.autoconfigure.web.servlet.WebDriverContextCustomizerFactory$Customizer@5b444398, org.springframework.boot.test.context.filter.ExcludeFilterContextCustomizer@79145d5a, org.springframework.boot.test.json.DuplicateJsonObjectContextCustomizerFactory$DuplicateJsonObjectContextCustomizer@505a9d7c, org.springframework.boot.test.mock.mockito.MockitoContextCustomizer@0, org.springframework.boot.test.web.client.TestRestTemplateContextCustomizer@ea9b7c6, org.springframework.boot.test.context.SpringBootTestArgs@1, org.springframework.boot.test.context.SpringBootTestWebEnvironment@4bc222e], resourceBasePath = 'src/main/webapp', contextLoader = 'org.springframework.boot.test.context.SpringBootContextLoader', parent = [null]], attributes = map['org.springframework.test.context.web.ServletTestExecutionListener.activateListener' -> true]], class annotated with @DirtiesContext [false] with mode [null].

  .   ____          _            __ _ _
 /\\ / ___'_ __ _ _(_)_ __  __ _ \ \ \ \
( ( )\___ | '_ | '_| | '_ \/ _` | \ \ \ \
 \\/  ___)| |_)| | | | | || (_| |  ) ) ) )
  '  |____| .__|_| |_|_| |_\__, | / / / /
 =========|_|==============|___/=/_/_/_/
 :: Spring Boot ::                (v2.7.2)

2022-08-16 14:23:26.315  INFO 29344 --- [    Test worker] h.b.BooglogBackendApplicationTests       : Starting BooglogBackendApplicationTests using Java 11.0.14 on woohyu with PID 29344 (started by user in C:\Users\user\Desktop\spartaweek5\booglogBackend)
2022-08-16 14:23:26.316  INFO 29344 --- [    Test worker] h.b.BooglogBackendApplicationTests       : No active profile set, falling back to 1 default profile: "default"
2022-08-16 14:23:27.026  INFO 29344 --- [    Test worker] .s.d.r.c.RepositoryConfigurationDelegate : Bootstrapping Spring Data JPA repositories in DEFAULT mode.
2022-08-16 14:23:27.122  INFO 29344 --- [    Test worker] .s.d.r.c.RepositoryConfigurationDelegate : Finished Spring Data repository scanning in 85 ms. Found 2 JPA repository interfaces.
2022-08-16 14:23:27.727  INFO 29344 --- [    Test worker] o.hibernate.jpa.internal.util.LogHelper  : HHH000204: Processing PersistenceUnitInfo [name: default]
2022-08-16 14:23:27.779  INFO 29344 --- [    Test worker] org.hibernate.Version                    : HHH000412: Hibernate ORM core version 5.6.10.Final
2022-08-16 14:23:28.178  INFO 29344 --- [    Test worker] o.hibernate.annotations.common.Version   : HCANN000001: Hibernate Commons Annotations {5.1.2.Final}
2022-08-16 14:23:28.320  INFO 29344 --- [    Test worker] com.zaxxer.hikari.HikariDataSource       : HikariPool-1 - Starting...
2022-08-16 14:23:28.764  INFO 29344 --- [    Test worker] com.zaxxer.hikari.HikariDataSource       : HikariPool-1 - Start completed.
2022-08-16 14:23:28.791  INFO 29344 --- [    Test worker] org.hibernate.dialect.Dialect            : HHH000400: Using dialect: org.hibernate.dialect.MySQL8Dialect
2022-08-16 14:23:29.495  INFO 29344 --- [    Test worker] o.h.e.t.j.p.i.JtaPlatformInitiator       : HHH000490: Using JtaPlatform implementation: [org.hibernate.engine.transaction.jta.platform.internal.NoJtaPlatform]
2022-08-16 14:23:29.503  INFO 29344 --- [    Test worker] j.LocalContainerEntityManagerFactoryBean : Initialized JPA EntityManagerFactory for persistence unit 'default'
2022-08-16 14:23:30.215  INFO 29344 --- [    Test worker] o.s.s.web.DefaultSecurityFilterChain     : Will secure any request with [org.springframework.security.web.session.DisableEncodeUrlFilter@63c88994, org.springframework.security.web.context.request.async.WebAsyncManagerIntegrationFilter@1932ad2c, org.springframework.security.web.context.SecurityContextPersistenceFilter@24d097c8, org.springframework.security.web.header.HeaderWriterFilter@23eb6d13, org.springframework.web.filter.CorsFilter@4adc3951, org.springframework.security.web.authentication.logout.LogoutFilter@1771d6a5, hanghae8mini.booglogbackend.utils.Jwt.JwtFilter@52b49891, org.springframework.security.web.savedrequest.RequestCacheAwareFilter@68dc2f53, org.springframework.security.web.servletapi.SecurityContextHolderAwareRequestFilter@48928b57, org.springframework.security.web.authentication.AnonymousAuthenticationFilter@75973f7a, org.springframework.security.web.session.SessionManagementFilter@3f22ce2a, org.springframework.security.web.access.ExceptionTranslationFilter@1f3dafd4, org.springframework.security.web.access.intercept.FilterSecurityInterceptor@2082e0e4]
2022-08-16 14:23:30.220  WARN 29344 --- [    Test worker] o.s.s.c.a.web.builders.WebSecurity       : You are asking Spring Security to ignore Ant [pattern='/h2-console/**']. This is not recommended -- please use permitAll via HttpSecurity#authorizeHttpRequests instead.
2022-08-16 14:23:30.220  INFO 29344 --- [    Test worker] o.s.s.web.DefaultSecurityFilterChain     : Will not secure Ant [pattern='/h2-console/**']
2022-08-16 14:23:30.444  WARN 29344 --- [    Test worker] JpaBaseConfiguration$JpaWebConfiguration : spring.jpa.open-in-view is enabled by default. Therefore, database queries may be performed during view rendering. Explicitly configure spring.jpa.open-in-view to disable this warning
2022-08-16 14:23:30.945  INFO 29344 --- [    Test worker] h.b.BooglogBackendApplicationTests       : Started BooglogBackendApplicationTests in 4.886 seconds (JVM running for 6.15)
]]></system-out>
  <system-err><![CDATA[]]></system-err>
</testsuite>
