<?xml version="1.0" encoding="UTF-8"?>
<testsuite name="hanghae8mini.booglogbackend.BooglogBackendApplicationTests" tests="1" skipped="0" failures="0" errors="0" timestamp="2022-08-17T05:18:07" hostname="LAPTOP-17DOA69Q" time="0.38">
  <properties/>
  <testcase name="contextLoads()" classname="hanghae8mini.booglogbackend.BooglogBackendApplicationTests" time="0.38"/>
  <system-out><![CDATA[14:17:31.460 [Test worker] DEBUG org.springframework.test.context.BootstrapUtils - Instantiating CacheAwareContextLoaderDelegate from class [org.springframework.test.context.cache.DefaultCacheAwareContextLoaderDelegate]
14:17:31.496 [Test worker] DEBUG org.springframework.test.context.BootstrapUtils - Instantiating BootstrapContext using constructor [public org.springframework.test.context.support.DefaultBootstrapContext(java.lang.Class,org.springframework.test.context.CacheAwareContextLoaderDelegate)]
14:17:31.634 [Test worker] DEBUG org.springframework.test.context.BootstrapUtils - Instantiating TestContextBootstrapper for test class [hanghae8mini.booglogbackend.BooglogBackendApplicationTests] from class [org.springframework.boot.test.context.SpringBootTestContextBootstrapper]
14:17:31.680 [Test worker] INFO org.springframework.boot.test.context.SpringBootTestContextBootstrapper - Neither @ContextConfiguration nor @ContextHierarchy found for test class [hanghae8mini.booglogbackend.BooglogBackendApplicationTests], using SpringBootContextLoader
14:17:31.714 [Test worker] DEBUG org.springframework.test.context.support.AbstractContextLoader - Did not detect default resource location for test class [hanghae8mini.booglogbackend.BooglogBackendApplicationTests]: class path resource [hanghae8mini/booglogbackend/BooglogBackendApplicationTests-context.xml] does not exist
14:17:31.722 [Test worker] DEBUG org.springframework.test.context.support.AbstractContextLoader - Did not detect default resource location for test class [hanghae8mini.booglogbackend.BooglogBackendApplicationTests]: class path resource [hanghae8mini/booglogbackend/BooglogBackendApplicationTestsContext.groovy] does not exist
14:17:31.725 [Test worker] INFO org.springframework.test.context.support.AbstractContextLoader - Could not detect default resource locations for test class [hanghae8mini.booglogbackend.BooglogBackendApplicationTests]: no resource found for suffixes {-context.xml, Context.groovy}.
14:17:31.728 [Test worker] INFO org.springframework.test.context.support.AnnotationConfigContextLoaderUtils - Could not detect default configuration classes for test class [hanghae8mini.booglogbackend.BooglogBackendApplicationTests]: BooglogBackendApplicationTests does not declare any static, non-private, non-final, nested classes annotated with @Configuration.
14:17:31.986 [Test worker] DEBUG org.springframework.test.context.support.ActiveProfilesUtils - Could not find an 'annotation declaring class' for annotation type [org.springframework.test.context.ActiveProfiles] and class [hanghae8mini.booglogbackend.BooglogBackendApplicationTests]
14:17:32.213 [Test worker] DEBUG org.springframework.context.annotation.ClassPathScanningCandidateComponentProvider - Identified candidate component class: file [C:\Users\Junior Koo\Desktop\sparta\hanghae-week6-dev\booglogBackend\build\classes\java\main\hanghae8mini\booglogbackend\BooglogBackendApplication.class]
14:17:32.229 [Test worker] INFO org.springframework.boot.test.context.SpringBootTestContextBootstrapper - Found @SpringBootConfiguration hanghae8mini.booglogbackend.BooglogBackendApplication for test class hanghae8mini.booglogbackend.BooglogBackendApplicationTests
14:17:32.765 [Test worker] DEBUG org.springframework.boot.test.context.SpringBootTestContextBootstrapper - @TestExecutionListeners is not present for class [hanghae8mini.booglogbackend.BooglogBackendApplicationTests]: using defaults.
14:17:32.769 [Test worker] INFO org.springframework.boot.test.context.SpringBootTestContextBootstrapper - Loaded default TestExecutionListener class names from location [META-INF/spring.factories]: [org.springframework.security.test.context.support.WithSecurityContextTestExecutionListener, org.springframework.security.test.context.support.ReactorContextTestExecutionListener, org.springframework.boot.test.autoconfigure.restdocs.RestDocsTestExecutionListener, org.springframework.boot.test.autoconfigure.web.client.MockRestServiceServerResetTestExecutionListener, org.springframework.boot.test.autoconfigure.web.servlet.MockMvcPrintOnlyOnFailureTestExecutionListener, org.springframework.boot.test.autoconfigure.web.servlet.WebDriverTestExecutionListener, org.springframework.boot.test.autoconfigure.webservices.client.MockWebServiceServerTestExecutionListener, org.springframework.boot.test.mock.mockito.MockitoTestExecutionListener, org.springframework.boot.test.mock.mockito.ResetMocksTestExecutionListener, org.springframework.test.context.web.ServletTestExecutionListener, org.springframework.test.context.support.DirtiesContextBeforeModesTestExecutionListener, org.springframework.test.context.event.ApplicationEventsTestExecutionListener, org.springframework.test.context.support.DependencyInjectionTestExecutionListener, org.springframework.test.context.support.DirtiesContextTestExecutionListener, org.springframework.test.context.transaction.TransactionalTestExecutionListener, org.springframework.test.context.jdbc.SqlScriptsTestExecutionListener, org.springframework.test.context.event.EventPublishingTestExecutionListener]
14:17:32.840 [Test worker] INFO org.springframework.boot.test.context.SpringBootTestContextBootstrapper - Using TestExecutionListeners: [org.springframework.test.context.web.ServletTestExecutionListener@22175d4f, org.springframework.test.context.support.DirtiesContextBeforeModesTestExecutionListener@9fecdf1, org.springframework.test.context.event.ApplicationEventsTestExecutionListener@3b809711, org.springframework.boot.test.mock.mockito.MockitoTestExecutionListener@3b0f7d9d, org.springframework.boot.test.autoconfigure.SpringBootDependencyInjectionTestExecutionListener@236ab296, org.springframework.test.context.support.DirtiesContextTestExecutionListener@5c84624f, org.springframework.test.context.transaction.TransactionalTestExecutionListener@63034ed1, org.springframework.test.context.jdbc.SqlScriptsTestExecutionListener@232024b9, org.springframework.security.test.context.support.WithSecurityContextTestExecutionListener@55a8dc49, org.springframework.test.context.event.EventPublishingTestExecutionListener@2a415aa9, org.springframework.security.test.context.support.ReactorContextTestExecutionListener@53cdecf6, org.springframework.boot.test.autoconfigure.restdocs.RestDocsTestExecutionListener@71ea1fda, org.springframework.boot.test.autoconfigure.web.client.MockRestServiceServerResetTestExecutionListener@62b3df3a, org.springframework.boot.test.autoconfigure.web.servlet.MockMvcPrintOnlyOnFailureTestExecutionListener@420745d7, org.springframework.boot.test.autoconfigure.web.servlet.WebDriverTestExecutionListener@7e11ab3d, org.springframework.boot.test.autoconfigure.webservices.client.MockWebServiceServerTestExecutionListener@5fa47fea, org.springframework.boot.test.mock.mockito.ResetMocksTestExecutionListener@2392212b]
14:17:32.854 [Test worker] DEBUG org.springframework.test.context.support.AbstractDirtiesContextTestExecutionListener - Before test class: context [DefaultTestContext@2b50150 testClass = BooglogBackendApplicationTests, testInstance = [null], testMethod = [null], testException = [null], mergedContextConfiguration = [WebMergedContextConfiguration@15b986cd testClass = BooglogBackendApplicationTests, locations = '{}', classes = '{class hanghae8mini.booglogbackend.BooglogBackendApplication}', contextInitializerClasses = '[]', activeProfiles = '{}', propertySourceLocations = '{}', propertySourceProperties = '{org.springframework.boot.test.context.SpringBootTestContextBootstrapper=true}', contextCustomizers = set[org.springframework.boot.test.autoconfigure.actuate.metrics.MetricsExportContextCustomizerFactory$DisableMetricExportContextCustomizer@6f8f9349, org.springframework.boot.test.autoconfigure.properties.PropertyMappingContextCustomizer@0, org.springframework.boot.test.autoconfigure.web.servlet.WebDriverContextCustomizerFactory$Customizer@4fc5e095, org.springframework.boot.test.context.filter.ExcludeFilterContextCustomizer@192d74fb, org.springframework.boot.test.json.DuplicateJsonObjectContextCustomizerFactory$DuplicateJsonObjectContextCustomizer@66ce957f, org.springframework.boot.test.mock.mockito.MockitoContextCustomizer@0, org.springframework.boot.test.web.client.TestRestTemplateContextCustomizer@64dafeed, org.springframework.boot.test.context.SpringBootTestArgs@1, org.springframework.boot.test.context.SpringBootTestWebEnvironment@37911f88], resourceBasePath = 'src/main/webapp', contextLoader = 'org.springframework.boot.test.context.SpringBootContextLoader', parent = [null]], attributes = map['org.springframework.test.context.web.ServletTestExecutionListener.activateListener' -> true]], class annotated with @DirtiesContext [false] with mode [null].

  .   ____          _            __ _ _
 /\\ / ___'_ __ _ _(_)_ __  __ _ \ \ \ \
( ( )\___ | '_ | '_| | '_ \/ _` | \ \ \ \
 \\/  ___)| |_)| | | | | || (_| |  ) ) ) )
  '  |____| .__|_| |_|_| |_\__, | / / / /
 =========|_|==============|___/=/_/_/_/
 :: Spring Boot ::                (v2.7.2)

2022-08-17 14:17:34.268  INFO 20792 --- [    Test worker] h.b.BooglogBackendApplicationTests       : Starting BooglogBackendApplicationTests using Java 11.0.14 on LAPTOP-17DOA69Q with PID 20792 (started by Junior Koo in C:\Users\Junior Koo\Desktop\sparta\hanghae-week6-dev\booglogBackend)
2022-08-17 14:17:34.273  INFO 20792 --- [    Test worker] h.b.BooglogBackendApplicationTests       : No active profile set, falling back to 1 default profile: "default"
2022-08-17 14:17:38.322  INFO 20792 --- [    Test worker] .s.d.r.c.RepositoryConfigurationDelegate : Bootstrapping Spring Data JPA repositories in DEFAULT mode.
2022-08-17 14:17:38.628  INFO 20792 --- [    Test worker] .s.d.r.c.RepositoryConfigurationDelegate : Finished Spring Data repository scanning in 276 ms. Found 4 JPA repository interfaces.
2022-08-17 14:17:39.829  INFO 20792 --- [    Test worker] trationDelegate$BeanPostProcessorChecker : Bean 'credentialsProvider' of type [com.amazonaws.auth.AWSCredentialsProviderChain] is not eligible for getting processed by all BeanPostProcessors (for example: not eligible for auto-proxying)
2022-08-17 14:17:43.970  INFO 20792 --- [    Test worker] o.hibernate.jpa.internal.util.LogHelper  : HHH000204: Processing PersistenceUnitInfo [name: default]
2022-08-17 14:17:44.481  INFO 20792 --- [    Test worker] org.hibernate.Version                    : HHH000412: Hibernate ORM core version 5.6.10.Final
2022-08-17 14:17:46.187  INFO 20792 --- [    Test worker] o.hibernate.annotations.common.Version   : HCANN000001: Hibernate Commons Annotations {5.1.2.Final}
2022-08-17 14:17:47.010  INFO 20792 --- [    Test worker] com.zaxxer.hikari.HikariDataSource       : HikariPool-1 - Starting...
2022-08-17 14:17:50.057  INFO 20792 --- [    Test worker] com.zaxxer.hikari.HikariDataSource       : HikariPool-1 - Start completed.
2022-08-17 14:17:50.171  INFO 20792 --- [    Test worker] org.hibernate.dialect.Dialect            : HHH000400: Using dialect: org.hibernate.dialect.MySQL8Dialect
Hibernate: 
    
    alter table comment 
       drop 
       foreign key FKmrrrpi513ssu63i2783jyiv9m
Hibernate: 
    
    alter table comment 
       drop 
       foreign key FKs1slvnkuemjsq2kj4h3vhx7i1
Hibernate: 
    
    alter table post 
       drop 
       foreign key FK6fhxjpyi39cyxa7xwdj80bpq
Hibernate: 
    
    alter table post_comment_list 
       drop 
       foreign key FKjv9cockdotnfh0oguc0m0ahtd
Hibernate: 
    
    alter table post_comment_list 
       drop 
       foreign key FKfc1qga6s913f88r735bimkb49
Hibernate: 
    
    alter table refresh_token 
       drop 
       foreign key FK5gdbafb2i76hk1ai18ah6an4w
Hibernate: 
    
    drop table if exists comment
Hibernate: 
    
    drop table if exists member
Hibernate: 
    
    drop table if exists post
Hibernate: 
    
    drop table if exists post_comment_list
Hibernate: 
    
    drop table if exists refresh_token
Hibernate: 
    
    create table comment (
       comment_id bigint not null auto_increment,
        created_at datetime(6),
        modified_at datetime(6),
        content varchar(255) not null,
        nickname varchar(255) not null,
        member_id bigint not null,
        post_id bigint not null,
        primary key (comment_id)
    ) engine=InnoDB
Hibernate: 
    
    create table member (
       member_id bigint not null auto_increment,
        created_at datetime(6),
        modified_at datetime(6),
        account varchar(255) not null,
        image_url varchar(255),
        nickname varchar(255) not null,
        password varchar(255) not null,
        primary key (member_id)
    ) engine=InnoDB
Hibernate: 
    
    create table post (
       post_id bigint not null auto_increment,
        created_at datetime(6),
        modified_at datetime(6),
        author varchar(255) not null,
        book_title varchar(255) not null,
        category varchar(255) not null,
        content varchar(255) not null,
        image_url varchar(255),
        title varchar(255) not null,
        view integer default 0 not null,
        member_member_id bigint not null,
        primary key (post_id)
    ) engine=InnoDB
Hibernate: 
    
    create table post_comment_list (
       post_post_id bigint not null,
        comment_list_comment_id bigint not null
    ) engine=InnoDB
Hibernate: 
    
    create table refresh_token (
       id bigint not null auto_increment,
        created_at datetime(6),
        modified_at datetime(6),
        token varchar(255),
        member_id bigint not null,
        primary key (id)
    ) engine=InnoDB
Hibernate: 
    
    alter table post_comment_list 
       add constraint UK_96gyv7en7gld2wjaf18pyer2l unique (comment_list_comment_id)
Hibernate: 
    
    alter table comment 
       add constraint FKmrrrpi513ssu63i2783jyiv9m 
       foreign key (member_id) 
       references member (member_id)
Hibernate: 
    
    alter table comment 
       add constraint FKs1slvnkuemjsq2kj4h3vhx7i1 
       foreign key (post_id) 
       references post (post_id)
Hibernate: 
    
    alter table post 
       add constraint FK6fhxjpyi39cyxa7xwdj80bpq 
       foreign key (member_member_id) 
       references member (member_id)
Hibernate: 
    
    alter table post_comment_list 
       add constraint FKjv9cockdotnfh0oguc0m0ahtd 
       foreign key (comment_list_comment_id) 
       references comment (comment_id)
Hibernate: 
    
    alter table post_comment_list 
       add constraint FKfc1qga6s913f88r735bimkb49 
       foreign key (post_post_id) 
       references post (post_id)
Hibernate: 
    
    alter table refresh_token 
       add constraint FK5gdbafb2i76hk1ai18ah6an4w 
       foreign key (member_id) 
       references member (member_id)
2022-08-17 14:17:55.080  INFO 20792 --- [    Test worker] o.h.e.t.j.p.i.JtaPlatformInitiator       : HHH000490: Using JtaPlatform implementation: [org.hibernate.engine.transaction.jta.platform.internal.NoJtaPlatform]
2022-08-17 14:17:55.105  INFO 20792 --- [    Test worker] j.LocalContainerEntityManagerFactoryBean : Initialized JPA EntityManagerFactory for persistence unit 'default'
2022-08-17 14:18:01.406  INFO 20792 --- [    Test worker] o.s.s.web.DefaultSecurityFilterChain     : Will secure any request with [org.springframework.security.web.session.DisableEncodeUrlFilter@6e157f48, org.springframework.security.web.context.request.async.WebAsyncManagerIntegrationFilter@37e9d191, org.springframework.security.web.context.SecurityContextPersistenceFilter@2fedae96, org.springframework.security.web.header.HeaderWriterFilter@296a350, org.springframework.web.filter.CorsFilter@53a3ccc, org.springframework.security.web.authentication.logout.LogoutFilter@50e7d8ba, hanghae8mini.booglogbackend.utils.Jwt.JwtFilter@27ca8a5a, org.springframework.security.web.savedrequest.RequestCacheAwareFilter@f359e65, org.springframework.security.web.servletapi.SecurityContextHolderAwareRequestFilter@5ea50a98, org.springframework.security.web.authentication.AnonymousAuthenticationFilter@62604ed4, org.springframework.security.web.session.SessionManagementFilter@4b55652a, org.springframework.security.web.access.ExceptionTranslationFilter@27f6854b, org.springframework.security.web.access.intercept.FilterSecurityInterceptor@149bdb4e]
2022-08-17 14:18:01.433  WARN 20792 --- [    Test worker] o.s.s.c.a.web.builders.WebSecurity       : You are asking Spring Security to ignore Ant [pattern='/h2-console/**']. This is not recommended -- please use permitAll via HttpSecurity#authorizeHttpRequests instead.
2022-08-17 14:18:01.434  INFO 20792 --- [    Test worker] o.s.s.web.DefaultSecurityFilterChain     : Will not secure Ant [pattern='/h2-console/**']
2022-08-17 14:18:02.974  WARN 20792 --- [    Test worker] JpaBaseConfiguration$JpaWebConfiguration : spring.jpa.open-in-view is enabled by default. Therefore, database queries may be performed during view rendering. Explicitly configure spring.jpa.open-in-view to disable this warning
2022-08-17 14:18:07.428  INFO 20792 --- [    Test worker] h.b.BooglogBackendApplicationTests       : Started BooglogBackendApplicationTests in 34.462 seconds (JVM running for 40.17)
]]></system-out>
  <system-err><![CDATA[]]></system-err>
</testsuite>
